<?xml version="1.0" encoding="UTF-8" ?>
<testsuite tests="51" failures="0" name="Testroom.Testroomproject.RunnerTest" time="0.405" errors="0" skipped="25">
  <properties>
[...]
</properties>
  <testcase classname="Scenario: To verify user is able to check the adoption today" name="Given I am in the test room site" time="0.007"/>
  <testcase classname="Scenario: To verify user is able to check the adoption today" name="When I click on &apos;Adoption&apos; link" time="0.016">
    <skipped/>
  </testcase>
  <testcase classname="Scenario: To verify user is able to check the adoption today" name="And I Set the start date to &quot;Today&quot;" time="0.016">
    <skipped/>
  </testcase>
  <testcase classname="Scenario: To verify user is able to check the adoption today" name="And I click on &apos;Check&apos; button" time="0.02">
    <skipped/>
  </testcase>
  <testcase classname="Scenario: To verify user is able to check the adoption today" name="And I enter text into the field" time="0.02">
    <skipped/>
  </testcase>
  <testcase classname="Scenario: To verify user is able to check the adoption today" name="And I submit the &apos;Check&apos; button" time="0.021">
    <skipped/>
  </testcase>
  <testcase classname="Scenario: To verify user is able to check the adoption today" name="Then I check message &apos;YOUR ADOPTION HAS BEEN SET UP&apos;" time="0.022">
    <skipped/>
  </testcase>
  <testcase classname="Scenario: To verify user is able to check the adoption today" name="Scenario: To verify user is able to check the adoption today" time="0.023">
    <skipped/>
  </testcase>
  <testcase classname="Scenario: To verify user is able to check the adoption today" name="Scenario: To verify user is able to check the adoption today" time="0.023"/>
  <testcase classname="Scenario: Check page title for Adoption page" name="Given User is on Zoo website" time="0"/>
  <testcase classname="Scenario: Check page title for Adoption page" name="When I navigate to Adoption page" time="0"/>
  <testcase classname="Scenario: Check page title for Adoption page" name="Then I check page title as Adoption" time="0"/>
  <testcase classname="Scenario: Check page title for Adoption page" name="Scenario: Check page title for Adoption page" time="0"/>
  <testcase classname="Scenario: Check page title for About page" name="Given User is on Zoo website" time="0"/>
  <testcase classname="Scenario: Check page title for About page" name="When I navigate to About page" time="0"/>
  <testcase classname="Scenario: Check page title for About page" name="Then I check page title as About" time="0"/>
  <testcase classname="Scenario: Check page title for About page" name="Scenario: Check page title for About page" time="0.001"/>
  <testcase classname="Scenario: Check page title for Contact page" name="Given User is on Zoo website" time="0"/>
  <testcase classname="Scenario: Check page title for Contact page" name="When I navigate to Contact page" time="0"/>
  <testcase classname="Scenario: Check page title for Contact page" name="Then I check page title as Contact" time="0"/>
  <testcase classname="Scenario: Check page title for Contact page" name="Scenario: Check page title for Contact page" time="0"/>
  <testcase classname="Scenario: Submit form using valid data" name="Given I am on the Zoo site" time="0"/>
  <testcase classname="Scenario: Submit form using valid data" name="When I navigate to Contact" time="0"/>
  <testcase classname="Scenario: Submit form using valid data" name="And I submit the form with valid data" time="0"/>
  <testcase classname="Scenario: Submit form using valid data" name="Then I check that the form is submitted" time="0"/>
  <testcase classname="Scenario: Submit form using valid data" name="Scenario: Submit form using valid data" time="0"/>
  <testcase classname="| adoption_link | Adoption |" name="Given I am in Zoo website" time="0"/>
  <testcase classname="| adoption_link | Adoption |" name="When I click on adoption_link" time="0">
    <skipped/>
  </testcase>
  <testcase classname="| adoption_link | Adoption |" name="Then I check I am on Adoption" time="0.007">
    <skipped/>
  </testcase>
  <testcase classname="| adoption_link | Adoption |" name="| adoption_link | Adoption |" time="0.007">
    <skipped/>
  </testcase>
  <testcase classname="| adoption_link | Adoption |" name="| adoption_link | Adoption |" time="0.008"/>
  <testcase classname="| about_link | About |" name="Given I am in Zoo website" time="0"/>
  <testcase classname="| about_link | About |" name="When I click on about_link" time="0.003">
    <skipped/>
  </testcase>
  <testcase classname="| about_link | About |" name="Then I check I am on About" time="0.003">
    <skipped/>
  </testcase>
  <testcase classname="| about_link | About |" name="| about_link | About |" time="0.005">
    <skipped/>
  </testcase>
  <testcase classname="| about_link | About |" name="| about_link | About |" time="0.005"/>
  <testcase classname="| contact_link | Contact |" name="Given I am in Zoo website" time="0.001"/>
  <testcase classname="| contact_link | Contact |" name="When I click on contact_link" time="0.002">
    <skipped/>
  </testcase>
  <testcase classname="| contact_link | Contact |" name="Then I check I am on Contact" time="0.006">
    <skipped/>
  </testcase>
  <testcase classname="| contact_link | Contact |" name="| contact_link | Contact |" time="0.008">
    <skipped/>
  </testcase>
  <testcase classname="| contact_link | Contact |" name="| contact_link | Contact |" time="0.009"/>
  <testcase classname="Scenario: To populate the contact form" name="Given User is on Zoo site page" time="0.016">
    <skipped/>
    <system-out>
  Scenario Outline: Check page title # ScenarioOutline.feature:11
    Given I am in Zoo website        # StepDefinitionScenarioOutline.i_am_in_Zoo_website()
    When I click on contact_link
    Then I check I am on Contact
Feature: To test the hight functionality of zoo test
</system-out>
  </testcase>
  <testcase classname="Scenario: To populate the contact form" name="When I click on &quot;Contact&quot;" time="0.016">
    <skipped/>
  </testcase>
  <testcase classname="Scenario: To populate the contact form" name="And I enter &quot;Name test&quot; into the name field" time="0.017">
    <skipped/>
  </testcase>
  <testcase classname="Scenario: To populate the contact form" name="And I enter &quot;Address test&quot; into the address field" time="0.017">
    <skipped/>
  </testcase>
  <testcase classname="Scenario: To populate the contact form" name="And I enter &quot;Postcode test&quot; into the postcode field" time="0.017">
    <skipped/>
  </testcase>
  <testcase classname="Scenario: To populate the contact form" name="And I enter &quot;Email test&quot; into the email field" time="0.017">
    <skipped/>
  </testcase>
  <testcase classname="Scenario: To populate the contact form" name="And I submit the contact form" time="0.017">
    <skipped/>
  </testcase>
  <testcase classname="Scenario: To populate the contact form" name="Then I check I am on the confirmation page" time="0.018">
    <skipped/>
  </testcase>
  <testcase classname="Scenario: To populate the contact form" name="Scenario: To populate the contact form" time="0.018">
    <skipped/>
  </testcase>
  <testcase classname="Scenario: To populate the contact form" name="Scenario: To populate the contact form" time="0.019"/>
</testsuite>